
> openbill@0.0.1 check
> svelte-kit sync && svelte-check --tsconfig ./tsconfig.json

Loading svelte-check in workspace: /Users/tahur/Desktop/openBill
Getting Svelte diagnostics...

/Users/tahur/Desktop/openBill/src/lib/components/layout/header.svelte:48:9
Error: `{@const}` must be the immediate child of `{#snippet}`, `{#if}`, `{:else if}`, `{:else}`, `{#each}`, `{:then}`, `{:catch}`, `<svelte:fragment>`, `<svelte:boundary>` or `<Component>`
https://svelte.dev/e/const_tag_invalid_placement (svelte)
    <div class="flex items-center gap-2 text-sm text-muted-foreground">
        {@const title = getPageTitle($page.url.pathname)}
        <span class="font-medium text-muted-foreground/60">{title.section}</span

/Users/tahur/Desktop/openBill/src/routes/(app)/customers/[id]/+page.svelte:16:61
Warn: This reference only captures the initial value of `data`. Did you mean to reference it inside a closure instead?
https://svelte.dev/e/state_referenced_locally (svelte)

    const { form, errors, enhance, submitting } = superForm(data.form, {
        onResult: ({ result }) => {

/Users/tahur/Desktop/openBill/src/routes/(app)/customers/new/+page.svelte:13:61
Warn: This reference only captures the initial value of `data`. Did you mean to reference it inside a closure instead?
https://svelte.dev/e/state_referenced_locally (svelte)

    const { form, errors, enhance, submitting } = superForm(data.form);
</script>

/Users/tahur/Desktop/openBill/src/routes/(app)/invoices/new/+page.svelte:16:23
Warn: This reference only captures the initial value of `data`. Did you mean to reference it inside a derived instead?
https://svelte.dev/e/state_referenced_locally (svelte)
        customer_id: "",
        invoice_date: data.defaults.invoice_date,
        due_date: data.defaults.due_date,

/Users/tahur/Desktop/openBill/src/routes/(app)/invoices/new/+page.svelte:17:19
Warn: This reference only captures the initial value of `data`. Did you mean to reference it inside a derived instead?
https://svelte.dev/e/state_referenced_locally (svelte)
        invoice_date: data.defaults.invoice_date,
        due_date: data.defaults.due_date,
        order_number: "",

/Users/tahur/Desktop/openBill/src/routes/(app)/payments/new/+page.svelte:13:35
Warn: This reference only captures the initial value of `data`. Did you mean to reference it inside a derived instead?
https://svelte.dev/e/state_referenced_locally (svelte)
    // Form state
    let selectedCustomer = $state(data.selectedCustomer);
    let amount = $state(0);

/Users/tahur/Desktop/openBill/src/routes/(app)/payments/new/+page.svelte:17:9
Warn: This reference only captures the initial value of `data`. Did you mean to reference it inside a derived instead?
https://svelte.dev/e/state_referenced_locally (svelte)
    let depositTo = $state(
        data.depositAccounts.find((a) => a.code === "1100")?.id || "",
    );

/Users/tahur/Desktop/openBill/src/routes/(app)/payments/new/+page.svelte:21:33
Warn: This reference only captures the initial value of `data`. Did you mean to reference it inside a derived instead?
https://svelte.dev/e/state_referenced_locally (svelte)
    // Invoice allocations
    let unpaidInvoices = $state(data.unpaidInvoices || []);
    let allocations = $state<Record<string, number>>({});

/Users/tahur/Desktop/openBill/src/routes/(app)/reports/gst/+page.svelte:11:28
Warn: This reference only captures the initial value of `data`. Did you mean to reference it inside a derived instead?
https://svelte.dev/e/state_referenced_locally (svelte)

    let startDate = $state(data.startDate);
    let endDate = $state(data.endDate);

/Users/tahur/Desktop/openBill/src/routes/(app)/reports/gst/+page.svelte:12:26
Warn: This reference only captures the initial value of `data`. Did you mean to reference it inside a derived instead?
https://svelte.dev/e/state_referenced_locally (svelte)
    let startDate = $state(data.startDate);
    let endDate = $state(data.endDate);

/Users/tahur/Desktop/openBill/src/routes/(app)/reports/ledger/+page.svelte:10:35
Warn: This reference only captures the initial value of `data`. Did you mean to reference it inside a derived instead?
https://svelte.dev/e/state_referenced_locally (svelte)

    let selectedCustomer = $state(data.ledger?.id || "");

/Users/tahur/Desktop/openBill/src/routes/(app)/reports/pnl/+page.svelte:16:28
Warn: This reference only captures the initial value of `data`. Did you mean to reference it inside a derived instead?
https://svelte.dev/e/state_referenced_locally (svelte)

    let startDate = $state(data.startDate);
    let endDate = $state(data.endDate);

/Users/tahur/Desktop/openBill/src/routes/(app)/reports/pnl/+page.svelte:17:26
Warn: This reference only captures the initial value of `data`. Did you mean to reference it inside a derived instead?
https://svelte.dev/e/state_referenced_locally (svelte)
    let startDate = $state(data.startDate);
    let endDate = $state(data.endDate);

/Users/tahur/Desktop/openBill/src/routes/login/+page.svelte:24:19
Warn: This reference only captures the initial value of `data`. Did you mean to reference it inside a closure instead?
https://svelte.dev/e/state_referenced_locally (svelte)
        delayed,
    } = superForm(data.form);
</script>

/Users/tahur/Desktop/openBill/src/routes/register/+page.svelte:24:19
Warn: This reference only captures the initial value of `data`. Did you mean to reference it inside a closure instead?
https://svelte.dev/e/state_referenced_locally (svelte)
        delayed,
    } = superForm(data.form);
</script>

/Users/tahur/Desktop/openBill/src/routes/setup/+page.svelte:31:19
Warn: This reference only captures the initial value of `data`. Did you mean to reference it inside a closure instead?
https://svelte.dev/e/state_referenced_locally (svelte)
        delayed,
    } = superForm(data.form);

====================================
svelte-check found 1 error and 15 warnings in 11 files
